============================= test session starts ==============================
platform linux -- Python 3.10.6, pytest-9.0.2, pluggy-1.6.0 -- /home/alexlesaux/.pyenv/versions/3.10.6/envs/taxifare_env2/bin/python
cachedir: .pytest_cache
rootdir: /home/alexlesaux/code/lewagon/07-ML-Ops/02-Cloud-training/data-train-in-the-cloud/tests
configfile: pytest_kitt.ini
collecting ... collected 9 items

tests/cloud_training/test_cloud_data.py::TestCloudData::test_big_query_dataset_variable_exists PASSED [ 11%]
tests/cloud_training/test_cloud_data.py::TestCloudData::test_cloud_data_create_dataset PASSED [ 22%]
tests/cloud_training/test_cloud_data.py::TestCloudData::test_cloud_data_create_table PASSED [ 33%]
tests/cloud_training/test_main.py::TestMain::test_route_preprocess 

======================== 3 passed, 3 warnings in 10.67s ========================
